penis1
n/a
n/a
n/a
n/a
n/a
n/a
n/a
n/a
n/a
n/a
n/a
n/a
n/a
n/a
n/a
n/a
n/a
n/a
n/a
n/a
n/a
n/a
n/a
n/a
n/a
n/a
n/a
n/a
penis30
--------------
penis30
n/a
n/a
n/a
n/a
n/a
n/a
n/a
n/a
n/a
n/a
n/a
n/a
n/a
n/a
n/a
n/a
n/a
n/a
n/a
n/a
n/a
n/a
n/a
n/a
n/a
n/a
n/a
n/a
penis1
--------------
0) asdasdasdasa
1) n/a
2) n/a
3) n/a
4) n/a
5) n/a
6) n/a
7) n/a
8) n/a
9) n/a
10) n/a
11) n/a
12) n/a
13) n/a
14) n/a
15) n/a
16) n/a
17) n/a
18) n/a
19) n/a
20) n/a
21) n/a
22) n/a
23) n/a
24) n/a
25) n/a
26) n/a
27) n/a
28) asdasd
29) n/a
--------------
